<?xml version="1.0" encoding="UTF-8"?>
<testsuite name="TwoDecimalNumbersTest" tests="9" skipped="0" failures="0" errors="0" timestamp="2020-12-13T18:06:43" hostname="Moussas-MacBook-Pro.local" time="0.037">
  <properties/>
  <testcase name="test1_13NumberToText" classname="TwoDecimalNumbersTest" time="0.033"/>
  <testcase name="test1_12NumberToText" classname="TwoDecimalNumbersTest" time="0.001"/>
  <testcase name="test1_11NumberToText" classname="TwoDecimalNumbersTest" time="0.0"/>
  <testcase name="test1_19NumberToText" classname="TwoDecimalNumbersTest" time="0.0"/>
  <testcase name="test1_18NumberToText" classname="TwoDecimalNumbersTest" time="0.0"/>
  <testcase name="test1_17NumberToText" classname="TwoDecimalNumbersTest" time="0.0"/>
  <testcase name="test1_16NumberToText" classname="TwoDecimalNumbersTest" time="0.0"/>
  <testcase name="test1_15NumberToText" classname="TwoDecimalNumbersTest" time="0.0"/>
  <testcase name="test1_14NumberToText" classname="TwoDecimalNumbersTest" time="0.0"/>
  <system-out><![CDATA[]]></system-out>
  <system-err><![CDATA[]]></system-err>
</testsuite>
